  P013_Bucles_LoginVideojuego.cpp
C:\Users\TUF\OneDrive\Escritorio\Repositorios pato\Repositorio_Pato\P013_Bucles_LoginVideojuego\P013_Bucles_LoginVideojuego.cpp(44,1): error C2059: error de sintaxis: '}'
